Flow report for top_snake_game_core
Sun Nov 16 18:37:56 2025
Quartus Prime Version 24.1std.0 Build 1077 03/04/2025 SC Lite Edition


---------------------
; Table of Contents ;
---------------------
  1. Legal Notice
  2. Flow Summary
  3. Flow Settings
  4. Flow Non-Default Global Settings
  5. Flow Elapsed Time
  6. Flow OS Summary
  7. Flow Log
  8. Flow Messages
  9. Flow Suppressed Messages



----------------
; Legal Notice ;
----------------
Copyright (C) 2025  Altera Corporation. All rights reserved.
Your use of Altera Corporation's design tools, logic functions 
and other software and tools, and any partner logic 
functions, and any output files from any of the foregoing 
(including device programming or simulation files), and any 
associated documentation or information are expressly subject 
to the terms and conditions of the Altera Program License 
Subscription Agreement, the Altera Quartus Prime License Agreement,
the Altera IP License Agreement, or other applicable license
agreement, including, without limitation, that your use is for
the sole purpose of programming logic devices manufactured by
Altera and sold by Altera or its authorized distributors.  Please
refer to the Altera Software License Subscription Agreements 
on the Quartus Prime software download page.



+-----------------------------------------------------------------------------------+
; Flow Summary                                                                      ;
+---------------------------------+-------------------------------------------------+
; Flow Status                     ; Successful - Sun Nov 16 18:37:48 2025           ;
; Quartus Prime Version           ; 24.1std.0 Build 1077 03/04/2025 SC Lite Edition ;
; Revision Name                   ; top_snake_game_core                             ;
; Top-level Entity Name           ; game                                            ;
; Family                          ; Cyclone V                                       ;
; Device                          ; 5CSEMA5F31C6                                    ;
; Timing Models                   ; Final                                           ;
; Logic utilization (in ALMs)     ; 3,158 / 32,070 ( 10 % )                         ;
; Total registers                 ; 2499                                            ;
; Total pins                      ; 36 / 457 ( 8 % )                                ;
; Total virtual pins              ; 0                                               ;
; Total block memory bits         ; 2,764,800 / 4,065,280 ( 68 % )                  ;
; Total DSP Blocks                ; 1 / 87 ( 1 % )                                  ;
; Total HSSI RX PCSs              ; 0                                               ;
; Total HSSI PMA RX Deserializers ; 0                                               ;
; Total HSSI TX PCSs              ; 0                                               ;
; Total HSSI PMA TX Serializers   ; 0                                               ;
; Total PLLs                      ; 1 / 6 ( 17 % )                                  ;
; Total DLLs                      ; 0 / 4 ( 0 % )                                   ;
+---------------------------------+-------------------------------------------------+


+-----------------------------------------+
; Flow Settings                           ;
+-------------------+---------------------+
; Option            ; Setting             ;
+-------------------+---------------------+
; Start date & time ; 11/16/2025 18:32:44 ;
; Main task         ; Compilation         ;
; Revision Name     ; top_snake_game_core ;
+-------------------+---------------------+


+-------------------------------------------------------------------------------------------------------------------------------+
; Flow Non-Default Global Settings                                                                                              ;
+-------------------------------------+----------------------------------------+---------------------+-------------+------------+
; Assignment Name                     ; Value                                  ; Default Value       ; Entity Name ; Section Id ;
+-------------------------------------+----------------------------------------+---------------------+-------------+------------+
; COMPILER_SIGNATURE_ID               ; 51230661590931.176333596410476         ; --                  ; --          ; --         ;
; MAX_CORE_JUNCTION_TEMP              ; 85                                     ; --                  ; --          ; --         ;
; MIN_CORE_JUNCTION_TEMP              ; 0                                      ; --                  ; --          ; --         ;
; PARTITION_COLOR                     ; -- (Not supported for targeted family) ; --                  ; game        ; Top        ;
; PARTITION_FITTER_PRESERVATION_LEVEL ; -- (Not supported for targeted family) ; --                  ; game        ; Top        ;
; PARTITION_NETLIST_TYPE              ; -- (Not supported for targeted family) ; --                  ; game        ; Top        ;
; POWER_BOARD_THERMAL_MODEL           ; None (CONSERVATIVE)                    ; --                  ; --          ; --         ;
; POWER_PRESET_COOLING_SOLUTION       ; 23 MM HEAT SINK WITH 200 LFPM AIRFLOW  ; --                  ; --          ; --         ;
; PROJECT_OUTPUT_DIRECTORY            ; output_files                           ; --                  ; --          ; --         ;
; TOP_LEVEL_ENTITY                    ; game                                   ; top_snake_game_core ; --          ; --         ;
+-------------------------------------+----------------------------------------+---------------------+-------------+------------+


+--------------------------------------------------------------------------------------------------------------------------+
; Flow Elapsed Time                                                                                                        ;
+----------------------+--------------+-------------------------+---------------------+------------------------------------+
; Module Name          ; Elapsed Time ; Average Processors Used ; Peak Virtual Memory ; Total CPU Time (on all processors) ;
+----------------------+--------------+-------------------------+---------------------+------------------------------------+
; Analysis & Synthesis ; 00:00:14     ; 1.0                     ; 5031 MB             ; 00:00:20                           ;
; Fitter               ; 00:04:38     ; 1.1                     ; 8076 MB             ; 00:42:35                           ;
; Assembler            ; 00:00:08     ; 1.0                     ; 5305 MB             ; 00:00:06                           ;
; Timing Analyzer      ; 00:00:07     ; 4.5                     ; 5589 MB             ; 00:00:27                           ;
; Total                ; 00:05:07     ; --                      ; --                  ; 00:43:28                           ;
+----------------------+--------------+-------------------------+---------------------+------------------------------------+


+------------------------------------------------------------------------------------+
; Flow OS Summary                                                                    ;
+----------------------+------------------+------------+------------+----------------+
; Module Name          ; Machine Hostname ; OS Name    ; OS Version ; Processor type ;
+----------------------+------------------+------------+------------+----------------+
; Analysis & Synthesis ; DESKTOP-84475K6  ; Windows 10 ; 10.0       ; x86_64         ;
; Fitter               ; DESKTOP-84475K6  ; Windows 10 ; 10.0       ; x86_64         ;
; Assembler            ; DESKTOP-84475K6  ; Windows 10 ; 10.0       ; x86_64         ;
; Timing Analyzer      ; DESKTOP-84475K6  ; Windows 10 ; 10.0       ; x86_64         ;
+----------------------+------------------+------------+------------+----------------+


------------
; Flow Log ;
------------
quartus_map --read_settings_files=on --write_settings_files=off snake_game -c top_snake_game_core
quartus_fit --read_settings_files=off --write_settings_files=off snake_game -c top_snake_game_core
quartus_asm --read_settings_files=off --write_settings_files=off snake_game -c top_snake_game_core
quartus_sta snake_game -c top_snake_game_core



